[19:00:27] [modloading-worker-3/INFO] Registered plugin provider DefaultPlugin [roughlyenoughitems] for REIServerPlugin
[19:00:27] [modloading-worker-3/INFO] Registered plugin provider DefaultPlugin [roughlyenoughitems] for REIPlugin
[19:00:27] [modloading-worker-3/INFO] Registered plugin provider DefaultRuntimePlugin [roughlyenoughitems] for REIServerPlugin
[19:00:27] [modloading-worker-3/INFO] Registered plugin provider DefaultRuntimePlugin [roughlyenoughitems] for REIPlugin
[19:00:27] [modloading-worker-3/INFO] Registered plugin provider JEIExtraPlugin [roughlyenoughitems] for REIServerPlugin
[19:00:27] [modloading-worker-3/INFO] Registered plugin provider JEIExtraPlugin [roughlyenoughitems] for REIPlugin
[19:01:07] [Worker-Main-6/DEBUG] [START] Reloading Section: "pre-register/"
[19:01:07] [Worker-Main-6/DEBUG] [START] Reloading Section: "pre-register/DefaultPlugin [roughlyenoughitems]/"
[19:01:07] [Worker-Main-6/DEBUG] [START] Reloading Section: "pre-register/DefaultPlugin [roughlyenoughitems]/" done in 937.7 μs
[19:01:07] [Worker-Main-6/DEBUG] [START] Reloading Section: "pre-register/JEIExtraPlugin [roughlyenoughitems]/"
[19:01:07] [Worker-Main-6/DEBUG] [START] Reloading Section: "pre-register/JEIExtraPlugin [roughlyenoughitems]/" done in 15.75 μs
[19:01:07] [Worker-Main-6/DEBUG] [START] Reloading Section: "pre-register/DefaultRuntimePlugin [roughlyenoughitems]/"
[19:01:07] [Worker-Main-6/DEBUG] [START] Reloading Section: "pre-register/DefaultRuntimePlugin [roughlyenoughitems]/" done in 13.40 μs
[19:01:07] [Worker-Main-6/DEBUG] [START] Reloading Section: "pre-register/" done in 34.84 ms
[19:01:07] [Worker-Main-6/DEBUG] [START] Reloading Section: "pre-register/"
[19:01:07] [Worker-Main-6/DEBUG] [START] Reloading Section: "pre-register/DefaultPlugin [roughlyenoughitems]/"
[19:01:07] [Worker-Main-6/DEBUG] [START] Reloading Section: "pre-register/DefaultPlugin [roughlyenoughitems]/" done in 23.94 μs
[19:01:07] [Worker-Main-6/DEBUG] [START] Reloading Section: "pre-register/JEIExtraPlugin [roughlyenoughitems]/"
[19:01:07] [Worker-Main-6/DEBUG] [START] Reloading Section: "pre-register/JEIExtraPlugin [roughlyenoughitems]/" done in 10.16 μs
[19:01:07] [Worker-Main-6/DEBUG] [START] Reloading Section: "pre-register/DefaultRuntimePlugin [roughlyenoughitems]/"
[19:01:07] [Worker-Main-6/DEBUG] [START] Reloading Section: "pre-register/DefaultRuntimePlugin [roughlyenoughitems]/" done in 10.10 μs
[19:01:07] [Worker-Main-6/DEBUG] [START] Reloading Section: "pre-register/" done in 3.007 ms
[19:01:07] [Worker-Main-6/DEBUG] [START] Reloading Section: "start-reload/"
[19:01:07] [Worker-Main-6/DEBUG] [START] Reloading Section: "start-reload/EntryTypeRegistryImpl/"
[19:01:07] [Worker-Main-6/DEBUG] [START] Reloading Section: "start-reload/EntryTypeRegistryImpl/" done in 517.6 μs
[19:01:07] [Worker-Main-6/DEBUG] [START] Reloading Section: "start-reload/EntrySettingsAdapterRegistryImpl/"
[19:01:07] [Worker-Main-6/DEBUG] [START] Reloading Section: "start-reload/EntrySettingsAdapterRegistryImpl/" done in 13.84 μs
[19:01:07] [Worker-Main-6/DEBUG] [START] Reloading Section: "start-reload/RecipeManagerContextImpl/"
[19:01:07] [Worker-Main-6/DEBUG] [START] Reloading Section: "start-reload/RecipeManagerContextImpl/" done in 10.06 μs
[19:01:07] [Worker-Main-6/DEBUG] [START] Reloading Section: "start-reload/ItemComparatorRegistryImpl/"
[19:01:07] [Worker-Main-6/DEBUG] [START] Reloading Section: "start-reload/ItemComparatorRegistryImpl/" done in 29.36 μs
[19:01:07] [Worker-Main-6/DEBUG] [START] Reloading Section: "start-reload/FluidComparatorRegistryImpl/"
[19:01:07] [Worker-Main-6/DEBUG] [START] Reloading Section: "start-reload/FluidComparatorRegistryImpl/" done in 11.92 μs
[19:01:07] [Worker-Main-6/DEBUG] [START] Reloading Section: "start-reload/DisplaySerializerRegistryImpl/"
[19:01:07] [Worker-Main-6/DEBUG] [START] Reloading Section: "start-reload/DisplaySerializerRegistryImpl/" done in 7.865 μs
[19:01:07] [Worker-Main-6/DEBUG] [START] Reloading Section: "start-reload/FluidSupportProviderImpl/"
[19:01:07] [Worker-Main-6/DEBUG] [START] Reloading Section: "start-reload/FluidSupportProviderImpl/" done in 24.19 μs
[19:01:07] [Worker-Main-6/DEBUG] [START] Reloading Section: "start-reload/" done in 5.045 ms
[19:01:07] [Worker-Main-6/INFO] Reloading Plugin Manager [REIPlugin] stage [START], registered 3 plugins: DefaultRuntimePlugin [roughlyenoughitems], JEIExtraPlugin [roughlyenoughitems], DefaultPlugin [roughlyenoughitems]
[19:01:07] [Worker-Main-6/DEBUG] [START] Reloading Section: "reloadable-plugin/EntryTypeRegistryImpl/"
[19:01:07] [Worker-Main-6/DEBUG] [START] Reloading Section: "reloadable-plugin/EntryTypeRegistryImpl/DefaultPlugin [roughlyenoughitems]/"
[19:01:07] [Worker-Main-6/DEBUG] [START] Reloading Section: "reloadable-plugin/EntryTypeRegistryImpl/DefaultPlugin [roughlyenoughitems]/" done in 36.00 μs
[19:01:07] [Worker-Main-6/DEBUG] [START] Reloading Section: "reloadable-plugin/EntryTypeRegistryImpl/JEIExtraPlugin [roughlyenoughitems]/"
[19:01:07] [Worker-Main-6/DEBUG] [START] Reloading Section: "reloadable-plugin/EntryTypeRegistryImpl/JEIExtraPlugin [roughlyenoughitems]/" done in 14.20 μs
[19:01:07] [Worker-Main-6/DEBUG] [START] Reloading Section: "reloadable-plugin/EntryTypeRegistryImpl/DefaultRuntimePlugin [roughlyenoughitems]/"
[19:01:07] [Worker-Main-6/DEBUG] [START] Reloading Section: "reloadable-plugin/EntryTypeRegistryImpl/DefaultRuntimePlugin [roughlyenoughitems]/" done in 22.77 ms
[19:01:07] [Worker-Main-6/DEBUG] [START] Reloading Section: "reloadable-plugin/EntryTypeRegistryImpl/" done in 26.69 ms
[19:01:07] [Worker-Main-6/DEBUG] [START] Reloading Section: "reloadable-plugin/EntrySettingsAdapterRegistryImpl/"
[19:01:07] [Worker-Main-6/DEBUG] [START] Reloading Section: "reloadable-plugin/EntrySettingsAdapterRegistryImpl/DefaultPlugin [roughlyenoughitems]/"
[19:01:07] [Worker-Main-6/DEBUG] [START] Reloading Section: "reloadable-plugin/EntrySettingsAdapterRegistryImpl/DefaultPlugin [roughlyenoughitems]/" done in 15.39 μs
[19:01:07] [Worker-Main-6/DEBUG] [START] Reloading Section: "reloadable-plugin/EntrySettingsAdapterRegistryImpl/JEIExtraPlugin [roughlyenoughitems]/"
[19:01:07] [Worker-Main-6/DEBUG] [START] Reloading Section: "reloadable-plugin/EntrySettingsAdapterRegistryImpl/JEIExtraPlugin [roughlyenoughitems]/" done in 15.47 μs
[19:01:07] [Worker-Main-6/DEBUG] [START] Reloading Section: "reloadable-plugin/EntrySettingsAdapterRegistryImpl/DefaultRuntimePlugin [roughlyenoughitems]/"
[19:01:07] [Worker-Main-6/DEBUG] [START] Reloading Section: "reloadable-plugin/EntrySettingsAdapterRegistryImpl/DefaultRuntimePlugin [roughlyenoughitems]/" done in 13.32 μs
[19:01:07] [Worker-Main-6/DEBUG] [START] Reloading Section: "reloadable-plugin/EntrySettingsAdapterRegistryImpl/" done in 3.279 ms
[19:01:07] [Worker-Main-6/DEBUG] [START] Reloading Section: "reloadable-plugin/RecipeManagerContextImpl/"
[19:01:07] [Worker-Main-6/DEBUG] [START] Reloading Section: "reloadable-plugin/RecipeManagerContextImpl/DefaultPlugin [roughlyenoughitems]/"
[19:01:07] [Worker-Main-6/DEBUG] [START] Reloading Section: "reloadable-plugin/RecipeManagerContextImpl/DefaultPlugin [roughlyenoughitems]/" done in 23.63 μs
[19:01:07] [Worker-Main-6/DEBUG] [START] Reloading Section: "reloadable-plugin/RecipeManagerContextImpl/JEIExtraPlugin [roughlyenoughitems]/"
[19:01:07] [Worker-Main-6/DEBUG] [START] Reloading Section: "reloadable-plugin/RecipeManagerContextImpl/JEIExtraPlugin [roughlyenoughitems]/" done in 12.96 μs
[19:01:07] [Worker-Main-6/DEBUG] [START] Reloading Section: "reloadable-plugin/RecipeManagerContextImpl/DefaultRuntimePlugin [roughlyenoughitems]/"
[19:01:07] [Worker-Main-6/DEBUG] [START] Reloading Section: "reloadable-plugin/RecipeManagerContextImpl/DefaultRuntimePlugin [roughlyenoughitems]/" done in 12.28 μs
[19:01:07] [Worker-Main-6/DEBUG] [START] Reloading Section: "reloadable-plugin/RecipeManagerContextImpl/" done in 841.5 μs
[19:01:07] [Worker-Main-6/DEBUG] [START] Reloading Section: "reloadable-plugin/ItemComparatorRegistryImpl/"
[19:01:07] [Worker-Main-6/DEBUG] [START] Reloading Section: "reloadable-plugin/ItemComparatorRegistryImpl/DefaultPlugin [roughlyenoughitems]/"
[19:01:07] [Worker-Main-6/DEBUG] [START] Reloading Section: "reloadable-plugin/ItemComparatorRegistryImpl/DefaultPlugin [roughlyenoughitems]/" done in 677.8 μs
[19:01:07] [Worker-Main-6/DEBUG] [START] Reloading Section: "reloadable-plugin/ItemComparatorRegistryImpl/JEIExtraPlugin [roughlyenoughitems]/"
[19:01:07] [Worker-Main-6/DEBUG] [START] Reloading Section: "reloadable-plugin/ItemComparatorRegistryImpl/JEIExtraPlugin [roughlyenoughitems]/" done in 27.47 μs
[19:01:07] [Worker-Main-6/DEBUG] [START] Reloading Section: "reloadable-plugin/ItemComparatorRegistryImpl/DefaultRuntimePlugin [roughlyenoughitems]/"
[19:01:07] [Worker-Main-6/DEBUG] [START] Reloading Section: "reloadable-plugin/ItemComparatorRegistryImpl/DefaultRuntimePlugin [roughlyenoughitems]/" done in 13.49 μs
[19:01:07] [Worker-Main-6/DEBUG] [START] Reloading Section: "reloadable-plugin/ItemComparatorRegistryImpl/" done in 4.569 ms
[19:01:07] [Worker-Main-6/DEBUG] [START] Reloading Section: "reloadable-plugin/FluidComparatorRegistryImpl/"
[19:01:07] [Worker-Main-6/DEBUG] [START] Reloading Section: "reloadable-plugin/FluidComparatorRegistryImpl/DefaultPlugin [roughlyenoughitems]/"
[19:01:07] [Worker-Main-6/DEBUG] [START] Reloading Section: "reloadable-plugin/FluidComparatorRegistryImpl/DefaultPlugin [roughlyenoughitems]/" done in 21.39 μs
[19:01:07] [Worker-Main-6/DEBUG] [START] Reloading Section: "reloadable-plugin/FluidComparatorRegistryImpl/JEIExtraPlugin [roughlyenoughitems]/"
[19:01:07] [Worker-Main-6/DEBUG] [START] Reloading Section: "reloadable-plugin/FluidComparatorRegistryImpl/JEIExtraPlugin [roughlyenoughitems]/" done in 12.85 μs
[19:01:07] [Worker-Main-6/DEBUG] [START] Reloading Section: "reloadable-plugin/FluidComparatorRegistryImpl/DefaultRuntimePlugin [roughlyenoughitems]/"
[19:01:07] [Worker-Main-6/DEBUG] [START] Reloading Section: "reloadable-plugin/FluidComparatorRegistryImpl/DefaultRuntimePlugin [roughlyenoughitems]/" done in 12.69 μs
[19:01:07] [Worker-Main-6/DEBUG] [START] Reloading Section: "reloadable-plugin/FluidComparatorRegistryImpl/" done in 792.1 μs
[19:01:07] [Worker-Main-6/DEBUG] [START] Reloading Section: "reloadable-plugin/DisplaySerializerRegistryImpl/"
[19:01:07] [Worker-Main-6/DEBUG] [START] Reloading Section: "reloadable-plugin/DisplaySerializerRegistryImpl/DefaultPlugin [roughlyenoughitems]/"
[19:01:07] [Worker-Main-6/DEBUG] [START] Reloading Section: "reloadable-plugin/DisplaySerializerRegistryImpl/DefaultPlugin [roughlyenoughitems]/" done in 12.14 μs
[19:01:07] [Worker-Main-6/DEBUG] [START] Reloading Section: "reloadable-plugin/DisplaySerializerRegistryImpl/JEIExtraPlugin [roughlyenoughitems]/"
[19:01:07] [Worker-Main-6/DEBUG] [START] Reloading Section: "reloadable-plugin/DisplaySerializerRegistryImpl/JEIExtraPlugin [roughlyenoughitems]/" done in 13.91 μs
[19:01:07] [Worker-Main-6/DEBUG] [START] Reloading Section: "reloadable-plugin/DisplaySerializerRegistryImpl/DefaultRuntimePlugin [roughlyenoughitems]/"
[19:01:07] [Worker-Main-6/DEBUG] [START] Reloading Section: "reloadable-plugin/DisplaySerializerRegistryImpl/DefaultRuntimePlugin [roughlyenoughitems]/" done in 13.34 μs
[19:01:07] [Worker-Main-6/DEBUG] [START] Reloading Section: "reloadable-plugin/DisplaySerializerRegistryImpl/" done in 4.858 ms
[19:01:07] [Worker-Main-6/DEBUG] [START] Reloading Section: "reloadable-plugin/FluidSupportProviderImpl/"
[19:01:07] [Worker-Main-6/DEBUG] [START] Reloading Section: "reloadable-plugin/FluidSupportProviderImpl/DefaultPlugin [roughlyenoughitems]/"
[19:01:07] [Worker-Main-6/DEBUG] [START] Reloading Section: "reloadable-plugin/FluidSupportProviderImpl/DefaultPlugin [roughlyenoughitems]/" done in 2.011 ms
[19:01:07] [Worker-Main-6/DEBUG] [START] Reloading Section: "reloadable-plugin/FluidSupportProviderImpl/JEIExtraPlugin [roughlyenoughitems]/"
[19:01:07] [Worker-Main-6/DEBUG] [START] Reloading Section: "reloadable-plugin/FluidSupportProviderImpl/JEIExtraPlugin [roughlyenoughitems]/" done in 15.09 μs
[19:01:07] [Worker-Main-6/DEBUG] [START] Reloading Section: "reloadable-plugin/FluidSupportProviderImpl/DefaultRuntimePlugin [roughlyenoughitems]/"
[19:01:07] [Worker-Main-6/DEBUG] [START] Reloading Section: "reloadable-plugin/FluidSupportProviderImpl/DefaultRuntimePlugin [roughlyenoughitems]/" done in 13.17 μs
[19:01:07] [Worker-Main-6/DEBUG] [START] Reloading Section: "reloadable-plugin/FluidSupportProviderImpl/" done in 5.826 ms
[19:01:07] [Worker-Main-6/DEBUG] [START] Reloading Section: "end-reload/"
[19:01:07] [Worker-Main-6/DEBUG] [START] Reloading Section: "end-reload/EntryTypeRegistryImpl/"
[19:01:07] [Worker-Main-6/DEBUG] [START] Reloading Section: "end-reload/EntryTypeRegistryImpl/" done in 15.62 μs
[19:01:07] [Worker-Main-6/DEBUG] [START] Reloading Section: "end-reload/EntrySettingsAdapterRegistryImpl/"
[19:01:07] [Worker-Main-6/DEBUG] [START] Reloading Section: "end-reload/EntrySettingsAdapterRegistryImpl/" done in 7.975 μs
[19:01:07] [Worker-Main-6/DEBUG] [START] Reloading Section: "end-reload/RecipeManagerContextImpl/"
[19:01:07] [Worker-Main-6/DEBUG] [START] Reloading Section: "end-reload/RecipeManagerContextImpl/" done in 7.364 μs
[19:01:07] [Worker-Main-6/DEBUG] [START] Reloading Section: "end-reload/ItemComparatorRegistryImpl/"
[19:01:07] [Worker-Main-6/DEBUG] [START] Reloading Section: "end-reload/ItemComparatorRegistryImpl/" done in 7.534 μs
[19:01:07] [Worker-Main-6/DEBUG] [START] Reloading Section: "end-reload/FluidComparatorRegistryImpl/"
[19:01:07] [Worker-Main-6/DEBUG] [START] Reloading Section: "end-reload/FluidComparatorRegistryImpl/" done in 7.795 μs
[19:01:07] [Worker-Main-6/DEBUG] [START] Reloading Section: "end-reload/DisplaySerializerRegistryImpl/"
[19:01:07] [Worker-Main-6/DEBUG] [START] Reloading Section: "end-reload/DisplaySerializerRegistryImpl/" done in 8.175 μs
[19:01:07] [Worker-Main-6/DEBUG] [START] Reloading Section: "end-reload/FluidSupportProviderImpl/"
[19:01:07] [Worker-Main-6/DEBUG] [START] Reloading Section: "end-reload/FluidSupportProviderImpl/" done in 7.925 μs
[19:01:07] [Worker-Main-6/DEBUG] [START] Reloading Section: "end-reload/" done in 1.484 ms
[19:01:07] [Worker-Main-6/INFO] Reloaded Plugin Manager [REIPlugin] with 2 entry types, 5 item comparators, 0 fluid comparators and 2 fluid support providers in 62ms.
[19:01:07] [Worker-Main-6/DEBUG] [START] Reloading Section: "start-reload/"
[19:01:07] [Worker-Main-6/DEBUG] [START] Reloading Section: "start-reload/MenuInfoRegistryImpl/"
[19:01:07] [Worker-Main-6/DEBUG] [START] Reloading Section: "start-reload/MenuInfoRegistryImpl/" done in 35.43 μs
[19:01:07] [Worker-Main-6/DEBUG] [START] Reloading Section: "start-reload/" done in 5.299 ms
[19:01:07] [Worker-Main-6/INFO] Reloading Plugin Manager [REIServerPlugin] stage [START], registered 3 plugins: DefaultRuntimePlugin [roughlyenoughitems], JEIExtraPlugin [roughlyenoughitems], DefaultPlugin [roughlyenoughitems]
[19:01:07] [Worker-Main-6/DEBUG] [START] Reloading Section: "reloadable-plugin/MenuInfoRegistryImpl/"
[19:01:07] [Worker-Main-6/DEBUG] [START] Reloading Section: "reloadable-plugin/MenuInfoRegistryImpl/DefaultPlugin [roughlyenoughitems]/"
[19:01:07] [Worker-Main-6/DEBUG] [START] Reloading Section: "reloadable-plugin/MenuInfoRegistryImpl/DefaultPlugin [roughlyenoughitems]/" done in 10.63 μs
[19:01:07] [Worker-Main-6/DEBUG] [START] Reloading Section: "reloadable-plugin/MenuInfoRegistryImpl/JEIExtraPlugin [roughlyenoughitems]/"
[19:01:07] [Worker-Main-6/DEBUG] [START] Reloading Section: "reloadable-plugin/MenuInfoRegistryImpl/JEIExtraPlugin [roughlyenoughitems]/" done in 9.969 μs
[19:01:07] [Worker-Main-6/DEBUG] [START] Reloading Section: "reloadable-plugin/MenuInfoRegistryImpl/DefaultRuntimePlugin [roughlyenoughitems]/"
[19:01:07] [Worker-Main-6/DEBUG] [START] Reloading Section: "reloadable-plugin/MenuInfoRegistryImpl/DefaultRuntimePlugin [roughlyenoughitems]/" done in 10.49 μs
[19:01:07] [Worker-Main-6/DEBUG] [START] Reloading Section: "reloadable-plugin/MenuInfoRegistryImpl/" done in 711.9 μs
[19:01:07] [Worker-Main-6/DEBUG] [START] Reloading Section: "end-reload/"
[19:01:07] [Worker-Main-6/DEBUG] [START] Reloading Section: "end-reload/MenuInfoRegistryImpl/"
[19:01:07] [Worker-Main-6/DEBUG] [START] Reloading Section: "end-reload/MenuInfoRegistryImpl/" done in 8.516 μs
[19:01:07] [Worker-Main-6/DEBUG] [START] Reloading Section: "end-reload/" done in 249.6 μs
[19:01:07] [Worker-Main-6/INFO] Reloaded Plugin Manager [REIServerPlugin] with 0 menu infos in 7ms.
[19:01:07] [Worker-Main-6/DEBUG] [START] Reloading Section: "post-register/"
[19:01:07] [Worker-Main-6/DEBUG] [START] Reloading Section: "post-register/DefaultPlugin [roughlyenoughitems]/"
[19:01:07] [Worker-Main-6/DEBUG] [START] Reloading Section: "post-register/DefaultPlugin [roughlyenoughitems]/" done in 23.60 μs
[19:01:07] [Worker-Main-6/DEBUG] [START] Reloading Section: "post-register/JEIExtraPlugin [roughlyenoughitems]/"
[19:01:07] [Worker-Main-6/DEBUG] [START] Reloading Section: "post-register/JEIExtraPlugin [roughlyenoughitems]/" done in 5.034 ms
[19:01:07] [Worker-Main-6/DEBUG] [START] Reloading Section: "post-register/DefaultRuntimePlugin [roughlyenoughitems]/"
[19:01:07] [Worker-Main-6/DEBUG] [START] Reloading Section: "post-register/DefaultRuntimePlugin [roughlyenoughitems]/" done in 10.15 μs
[19:01:07] [Worker-Main-6/DEBUG] [START] Reloading Section: "post-register/" done in 6.009 ms
[19:01:07] [Worker-Main-6/DEBUG] [START] Reloading Section: "post-register/"
[19:01:07] [Worker-Main-6/DEBUG] [START] Reloading Section: "post-register/DefaultPlugin [roughlyenoughitems]/"
[19:01:07] [Worker-Main-6/DEBUG] [START] Reloading Section: "post-register/DefaultPlugin [roughlyenoughitems]/" done in 9.859 μs
[19:01:07] [Worker-Main-6/DEBUG] [START] Reloading Section: "post-register/JEIExtraPlugin [roughlyenoughitems]/"
[19:01:07] [Worker-Main-6/DEBUG] [START] Reloading Section: "post-register/JEIExtraPlugin [roughlyenoughitems]/" done in 8.896 μs
[19:01:07] [Worker-Main-6/DEBUG] [START] Reloading Section: "post-register/DefaultRuntimePlugin [roughlyenoughitems]/"
[19:01:07] [Worker-Main-6/DEBUG] [START] Reloading Section: "post-register/DefaultRuntimePlugin [roughlyenoughitems]/" done in 8.647 μs
[19:01:07] [Worker-Main-6/DEBUG] [START] Reloading Section: "post-register/" done in 4.000 ms
[19:01:07] [Worker-Main-6/DEBUG] [END] Reloading Section: "pre-register/"
[19:01:07] [Worker-Main-6/DEBUG] [END] Reloading Section: "pre-register/DefaultPlugin [roughlyenoughitems]/"
[19:01:07] [Worker-Main-6/DEBUG] [END] Reloading Section: "pre-register/DefaultPlugin [roughlyenoughitems]/" done in 9.968 μs
[19:01:07] [Worker-Main-6/DEBUG] [END] Reloading Section: "pre-register/JEIExtraPlugin [roughlyenoughitems]/"
[19:01:07] [Worker-Main-6/DEBUG] [END] Reloading Section: "pre-register/JEIExtraPlugin [roughlyenoughitems]/" done in 7.905 μs
[19:01:07] [Worker-Main-6/DEBUG] [END] Reloading Section: "pre-register/DefaultRuntimePlugin [roughlyenoughitems]/"
[19:01:07] [Worker-Main-6/DEBUG] [END] Reloading Section: "pre-register/DefaultRuntimePlugin [roughlyenoughitems]/" done in 8.506 μs
[19:01:07] [Worker-Main-6/DEBUG] [END] Reloading Section: "pre-register/" done in 641.4 μs
[19:01:07] [Worker-Main-6/DEBUG] [END] Reloading Section: "pre-register/"
[19:01:07] [Worker-Main-6/DEBUG] [END] Reloading Section: "pre-register/DefaultPlugin [roughlyenoughitems]/"
[19:01:07] [Worker-Main-6/DEBUG] [END] Reloading Section: "pre-register/DefaultPlugin [roughlyenoughitems]/" done in 8.205 μs
[19:01:07] [Worker-Main-6/DEBUG] [END] Reloading Section: "pre-register/JEIExtraPlugin [roughlyenoughitems]/"
[19:01:07] [Worker-Main-6/DEBUG] [END] Reloading Section: "pre-register/JEIExtraPlugin [roughlyenoughitems]/" done in 8.406 μs
[19:01:07] [Worker-Main-6/DEBUG] [END] Reloading Section: "pre-register/DefaultRuntimePlugin [roughlyenoughitems]/"
[19:01:07] [Worker-Main-6/DEBUG] [END] Reloading Section: "pre-register/DefaultRuntimePlugin [roughlyenoughitems]/" done in 8.737 μs
[19:01:07] [Worker-Main-6/DEBUG] [END] Reloading Section: "pre-register/" done in 1.983 ms
[19:01:07] [Worker-Main-6/DEBUG] [END] Reloading Section: "start-reload/"
[19:01:07] [Worker-Main-6/DEBUG] [END] Reloading Section: "start-reload/EntryTypeRegistryImpl/"
[19:01:07] [Worker-Main-6/DEBUG] [END] Reloading Section: "start-reload/EntryTypeRegistryImpl/" done in 7.734 μs
[19:01:07] [Worker-Main-6/DEBUG] [END] Reloading Section: "start-reload/EntrySettingsAdapterRegistryImpl/"
[19:01:07] [Worker-Main-6/DEBUG] [END] Reloading Section: "start-reload/EntrySettingsAdapterRegistryImpl/" done in 19.00 μs
[19:01:07] [Worker-Main-6/DEBUG] [END] Reloading Section: "start-reload/RecipeManagerContextImpl/"
[19:01:07] [Worker-Main-6/DEBUG] [END] Reloading Section: "start-reload/RecipeManagerContextImpl/" done in 9.678 μs
[19:01:07] [Worker-Main-6/DEBUG] [END] Reloading Section: "start-reload/ItemComparatorRegistryImpl/"
[19:01:07] [Worker-Main-6/DEBUG] [END] Reloading Section: "start-reload/ItemComparatorRegistryImpl/" done in 7.635 μs
[19:01:07] [Worker-Main-6/DEBUG] [END] Reloading Section: "start-reload/FluidComparatorRegistryImpl/"
[19:01:07] [Worker-Main-6/DEBUG] [END] Reloading Section: "start-reload/FluidComparatorRegistryImpl/" done in 7.273 μs
[19:01:07] [Worker-Main-6/DEBUG] [END] Reloading Section: "start-reload/DisplaySerializerRegistryImpl/"
[19:01:07] [Worker-Main-6/DEBUG] [END] Reloading Section: "start-reload/DisplaySerializerRegistryImpl/" done in 15.62 μs
[19:01:07] [Worker-Main-6/DEBUG] [END] Reloading Section: "start-reload/FluidSupportProviderImpl/"
[19:01:07] [Worker-Main-6/DEBUG] [END] Reloading Section: "start-reload/FluidSupportProviderImpl/" done in 8.005 μs
[19:01:07] [Worker-Main-6/DEBUG] [END] Reloading Section: "start-reload/" done in 1.526 ms
[19:01:07] [Worker-Main-6/INFO] Reloading Plugin Manager [REIPlugin] stage [END], registered 3 plugins: DefaultRuntimePlugin [roughlyenoughitems], JEIExtraPlugin [roughlyenoughitems], DefaultPlugin [roughlyenoughitems]
[19:01:07] [Worker-Main-6/DEBUG] [END] Reloading Section: "reloadable-plugin/EntryTypeRegistryImpl/"
[19:01:07] [Worker-Main-6/DEBUG] [END] Reloading Section: "reloadable-plugin/EntryTypeRegistryImpl/DefaultPlugin [roughlyenoughitems]/"
[19:01:07] [Worker-Main-6/DEBUG] [END] Reloading Section: "reloadable-plugin/EntryTypeRegistryImpl/DefaultPlugin [roughlyenoughitems]/" done in 12.42 μs
[19:01:07] [Worker-Main-6/DEBUG] [END] Reloading Section: "reloadable-plugin/EntryTypeRegistryImpl/JEIExtraPlugin [roughlyenoughitems]/"
[19:01:07] [Worker-Main-6/DEBUG] [END] Reloading Section: "reloadable-plugin/EntryTypeRegistryImpl/JEIExtraPlugin [roughlyenoughitems]/" done in 11.69 μs
[19:01:07] [Worker-Main-6/DEBUG] [END] Reloading Section: "reloadable-plugin/EntryTypeRegistryImpl/DefaultRuntimePlugin [roughlyenoughitems]/"
[19:01:07] [Worker-Main-6/DEBUG] [END] Reloading Section: "reloadable-plugin/EntryTypeRegistryImpl/DefaultRuntimePlugin [roughlyenoughitems]/" done in 14.78 μs
[19:01:07] [Worker-Main-6/DEBUG] [END] Reloading Section: "reloadable-plugin/EntryTypeRegistryImpl/" done in 6.073 ms
[19:01:07] [Worker-Main-6/DEBUG] [END] Reloading Section: "reloadable-plugin/EntrySettingsAdapterRegistryImpl/"
[19:01:07] [Worker-Main-6/DEBUG] [END] Reloading Section: "reloadable-plugin/EntrySettingsAdapterRegistryImpl/DefaultPlugin [roughlyenoughitems]/"
[19:01:07] [Worker-Main-6/DEBUG] [END] Reloading Section: "reloadable-plugin/EntrySettingsAdapterRegistryImpl/DefaultPlugin [roughlyenoughitems]/" done in 22.64 μs
[19:01:07] [Worker-Main-6/DEBUG] [END] Reloading Section: "reloadable-plugin/EntrySettingsAdapterRegistryImpl/JEIExtraPlugin [roughlyenoughitems]/"
[19:01:07] [Worker-Main-6/DEBUG] [END] Reloading Section: "reloadable-plugin/EntrySettingsAdapterRegistryImpl/JEIExtraPlugin [roughlyenoughitems]/" done in 14.51 μs
[19:01:07] [Worker-Main-6/DEBUG] [END] Reloading Section: "reloadable-plugin/EntrySettingsAdapterRegistryImpl/DefaultRuntimePlugin [roughlyenoughitems]/"
[19:01:07] [Worker-Main-6/DEBUG] [END] Reloading Section: "reloadable-plugin/EntrySettingsAdapterRegistryImpl/DefaultRuntimePlugin [roughlyenoughitems]/" done in 12.27 μs
[19:01:07] [Worker-Main-6/DEBUG] [END] Reloading Section: "reloadable-plugin/EntrySettingsAdapterRegistryImpl/" done in 2.125 ms
[19:01:07] [Worker-Main-6/DEBUG] [END] Reloading Section: "reloadable-plugin/RecipeManagerContextImpl/"
[19:01:07] [Worker-Main-6/DEBUG] [END] Reloading Section: "reloadable-plugin/RecipeManagerContextImpl/DefaultPlugin [roughlyenoughitems]/"
[19:01:07] [Worker-Main-6/DEBUG] [END] Reloading Section: "reloadable-plugin/RecipeManagerContextImpl/DefaultPlugin [roughlyenoughitems]/" done in 12.87 μs
[19:01:07] [Worker-Main-6/DEBUG] [END] Reloading Section: "reloadable-plugin/RecipeManagerContextImpl/JEIExtraPlugin [roughlyenoughitems]/"
[19:01:07] [Worker-Main-6/DEBUG] [END] Reloading Section: "reloadable-plugin/RecipeManagerContextImpl/JEIExtraPlugin [roughlyenoughitems]/" done in 12.61 μs
[19:01:07] [Worker-Main-6/DEBUG] [END] Reloading Section: "reloadable-plugin/RecipeManagerContextImpl/DefaultRuntimePlugin [roughlyenoughitems]/"
[19:01:07] [Worker-Main-6/DEBUG] [END] Reloading Section: "reloadable-plugin/RecipeManagerContextImpl/DefaultRuntimePlugin [roughlyenoughitems]/" done in 11.48 μs
[19:01:07] [Worker-Main-6/DEBUG] [END] Reloading Section: "reloadable-plugin/RecipeManagerContextImpl/" done in 684.3 μs
[19:01:07] [Worker-Main-6/DEBUG] [END] Reloading Section: "reloadable-plugin/ItemComparatorRegistryImpl/"
[19:01:07] [Worker-Main-6/DEBUG] [END] Reloading Section: "reloadable-plugin/ItemComparatorRegistryImpl/DefaultPlugin [roughlyenoughitems]/"
[19:01:07] [Worker-Main-6/DEBUG] [END] Reloading Section: "reloadable-plugin/ItemComparatorRegistryImpl/DefaultPlugin [roughlyenoughitems]/" done in 12.26 μs
[19:01:07] [Worker-Main-6/DEBUG] [END] Reloading Section: "reloadable-plugin/ItemComparatorRegistryImpl/JEIExtraPlugin [roughlyenoughitems]/"
[19:01:07] [Worker-Main-6/DEBUG] [END] Reloading Section: "reloadable-plugin/ItemComparatorRegistryImpl/JEIExtraPlugin [roughlyenoughitems]/" done in 20.68 μs
[19:01:07] [Worker-Main-6/DEBUG] [END] Reloading Section: "reloadable-plugin/ItemComparatorRegistryImpl/DefaultRuntimePlugin [roughlyenoughitems]/"
[19:01:07] [Worker-Main-6/DEBUG] [END] Reloading Section: "reloadable-plugin/ItemComparatorRegistryImpl/DefaultRuntimePlugin [roughlyenoughitems]/" done in 11.95 μs
[19:01:07] [Worker-Main-6/DEBUG] [END] Reloading Section: "reloadable-plugin/ItemComparatorRegistryImpl/" done in 4.044 ms
[19:01:07] [Worker-Main-6/DEBUG] [END] Reloading Section: "reloadable-plugin/FluidComparatorRegistryImpl/"
[19:01:07] [Worker-Main-6/DEBUG] [END] Reloading Section: "reloadable-plugin/FluidComparatorRegistryImpl/DefaultPlugin [roughlyenoughitems]/"
[19:01:07] [Worker-Main-6/DEBUG] [END] Reloading Section: "reloadable-plugin/FluidComparatorRegistryImpl/DefaultPlugin [roughlyenoughitems]/" done in 12.03 μs
[19:01:07] [Worker-Main-6/DEBUG] [END] Reloading Section: "reloadable-plugin/FluidComparatorRegistryImpl/JEIExtraPlugin [roughlyenoughitems]/"
[19:01:07] [Worker-Main-6/DEBUG] [END] Reloading Section: "reloadable-plugin/FluidComparatorRegistryImpl/JEIExtraPlugin [roughlyenoughitems]/" done in 11.83 μs
[19:01:07] [Worker-Main-6/DEBUG] [END] Reloading Section: "reloadable-plugin/FluidComparatorRegistryImpl/DefaultRuntimePlugin [roughlyenoughitems]/"
[19:01:07] [Worker-Main-6/DEBUG] [END] Reloading Section: "reloadable-plugin/FluidComparatorRegistryImpl/DefaultRuntimePlugin [roughlyenoughitems]/" done in 11.39 μs
[19:01:07] [Worker-Main-6/DEBUG] [END] Reloading Section: "reloadable-plugin/FluidComparatorRegistryImpl/" done in 638.6 μs
[19:01:07] [Worker-Main-6/DEBUG] [END] Reloading Section: "reloadable-plugin/DisplaySerializerRegistryImpl/"
[19:01:07] [Worker-Main-6/DEBUG] [END] Reloading Section: "reloadable-plugin/DisplaySerializerRegistryImpl/DefaultPlugin [roughlyenoughitems]/"
[19:01:07] [Worker-Main-6/DEBUG] [END] Reloading Section: "reloadable-plugin/DisplaySerializerRegistryImpl/DefaultPlugin [roughlyenoughitems]/" done in 41.46 ms
[19:01:07] [Worker-Main-6/DEBUG] [END] Reloading Section: "reloadable-plugin/DisplaySerializerRegistryImpl/JEIExtraPlugin [roughlyenoughitems]/"
[19:01:07] [Worker-Main-6/DEBUG] [END] Reloading Section: "reloadable-plugin/DisplaySerializerRegistryImpl/JEIExtraPlugin [roughlyenoughitems]/" done in 23.21 μs
[19:01:07] [Worker-Main-6/DEBUG] [END] Reloading Section: "reloadable-plugin/DisplaySerializerRegistryImpl/DefaultRuntimePlugin [roughlyenoughitems]/"
[19:01:07] [Worker-Main-6/DEBUG] [END] Reloading Section: "reloadable-plugin/DisplaySerializerRegistryImpl/DefaultRuntimePlugin [roughlyenoughitems]/" done in 20.66 μs
[19:01:07] [Worker-Main-6/DEBUG] [END] Reloading Section: "reloadable-plugin/DisplaySerializerRegistryImpl/" done in 44.79 ms
[19:01:07] [Worker-Main-6/DEBUG] [END] Reloading Section: "reloadable-plugin/FluidSupportProviderImpl/"
[19:01:07] [Worker-Main-6/DEBUG] [END] Reloading Section: "reloadable-plugin/FluidSupportProviderImpl/DefaultPlugin [roughlyenoughitems]/"
[19:01:07] [Worker-Main-6/DEBUG] [END] Reloading Section: "reloadable-plugin/FluidSupportProviderImpl/DefaultPlugin [roughlyenoughitems]/" done in 31.27 μs
[19:01:07] [Worker-Main-6/DEBUG] [END] Reloading Section: "reloadable-plugin/FluidSupportProviderImpl/JEIExtraPlugin [roughlyenoughitems]/"
[19:01:07] [Worker-Main-6/DEBUG] [END] Reloading Section: "reloadable-plugin/FluidSupportProviderImpl/JEIExtraPlugin [roughlyenoughitems]/" done in 12.75 μs
[19:01:07] [Worker-Main-6/DEBUG] [END] Reloading Section: "reloadable-plugin/FluidSupportProviderImpl/DefaultRuntimePlugin [roughlyenoughitems]/"
[19:01:07] [Worker-Main-6/DEBUG] [END] Reloading Section: "reloadable-plugin/FluidSupportProviderImpl/DefaultRuntimePlugin [roughlyenoughitems]/" done in 12.71 μs
[19:01:07] [Worker-Main-6/DEBUG] [END] Reloading Section: "reloadable-plugin/FluidSupportProviderImpl/" done in 2.156 ms
[19:01:07] [Worker-Main-6/DEBUG] [END] Reloading Section: "end-reload/"
[19:01:07] [Worker-Main-6/DEBUG] [END] Reloading Section: "end-reload/EntryTypeRegistryImpl/"
[19:01:07] [Worker-Main-6/DEBUG] [END] Reloading Section: "end-reload/EntryTypeRegistryImpl/" done in 8.846 μs
[19:01:07] [Worker-Main-6/DEBUG] [END] Reloading Section: "end-reload/EntrySettingsAdapterRegistryImpl/"
[19:01:07] [Worker-Main-6/DEBUG] [END] Reloading Section: "end-reload/EntrySettingsAdapterRegistryImpl/" done in 6.963 μs
[19:01:07] [Worker-Main-6/DEBUG] [END] Reloading Section: "end-reload/RecipeManagerContextImpl/"
[19:01:07] [Worker-Main-6/DEBUG] [END] Reloading Section: "end-reload/RecipeManagerContextImpl/" done in 6.412 μs
[19:01:07] [Worker-Main-6/DEBUG] [END] Reloading Section: "end-reload/ItemComparatorRegistryImpl/"
[19:01:07] [Worker-Main-6/DEBUG] [END] Reloading Section: "end-reload/ItemComparatorRegistryImpl/" done in 7.594 μs
[19:01:07] [Worker-Main-6/DEBUG] [END] Reloading Section: "end-reload/FluidComparatorRegistryImpl/"
[19:01:07] [Worker-Main-6/DEBUG] [END] Reloading Section: "end-reload/FluidComparatorRegistryImpl/" done in 7.875 μs
[19:01:07] [Worker-Main-6/DEBUG] [END] Reloading Section: "end-reload/DisplaySerializerRegistryImpl/"
[19:01:07] [Worker-Main-6/DEBUG] [END] Reloading Section: "end-reload/DisplaySerializerRegistryImpl/" done in 8.135 μs
[19:01:07] [Worker-Main-6/DEBUG] [END] Reloading Section: "end-reload/FluidSupportProviderImpl/"
[19:01:07] [Worker-Main-6/DEBUG] [END] Reloading Section: "end-reload/FluidSupportProviderImpl/" done in 7.934 μs
[19:01:07] [Worker-Main-6/DEBUG] [END] Reloading Section: "end-reload/" done in 4.716 ms
[19:01:07] [Worker-Main-6/INFO] Reloaded Plugin Manager [REIPlugin] with 2 entry types, 5 item comparators, 0 fluid comparators and 2 fluid support providers in 70ms.
[19:01:07] [Worker-Main-6/DEBUG] [END] Reloading Section: "start-reload/"
[19:01:07] [Worker-Main-6/DEBUG] [END] Reloading Section: "start-reload/MenuInfoRegistryImpl/"
[19:01:07] [Worker-Main-6/DEBUG] [END] Reloading Section: "start-reload/MenuInfoRegistryImpl/" done in 19.36 μs
[19:01:07] [Worker-Main-6/DEBUG] [END] Reloading Section: "start-reload/" done in 817.8 μs
[19:01:07] [Worker-Main-6/INFO] Reloading Plugin Manager [REIServerPlugin] stage [END], registered 3 plugins: DefaultRuntimePlugin [roughlyenoughitems], JEIExtraPlugin [roughlyenoughitems], DefaultPlugin [roughlyenoughitems]
[19:01:07] [Worker-Main-6/DEBUG] [END] Reloading Section: "reloadable-plugin/MenuInfoRegistryImpl/"
[19:01:07] [Worker-Main-6/DEBUG] [END] Reloading Section: "reloadable-plugin/MenuInfoRegistryImpl/DefaultPlugin [roughlyenoughitems]/"
[19:01:07] [Worker-Main-6/DEBUG] [END] Reloading Section: "reloadable-plugin/MenuInfoRegistryImpl/DefaultPlugin [roughlyenoughitems]/" done in 19.81 ms
[19:01:07] [Worker-Main-6/DEBUG] [END] Reloading Section: "reloadable-plugin/MenuInfoRegistryImpl/JEIExtraPlugin [roughlyenoughitems]/"
[19:01:07] [Worker-Main-6/DEBUG] [END] Reloading Section: "reloadable-plugin/MenuInfoRegistryImpl/JEIExtraPlugin [roughlyenoughitems]/" done in 1.764 ms
[19:01:07] [Worker-Main-6/DEBUG] [END] Reloading Section: "reloadable-plugin/MenuInfoRegistryImpl/DefaultRuntimePlugin [roughlyenoughitems]/"
[19:01:07] [Worker-Main-6/DEBUG] [END] Reloading Section: "reloadable-plugin/MenuInfoRegistryImpl/DefaultRuntimePlugin [roughlyenoughitems]/" done in 17.80 μs
[19:01:07] [Worker-Main-6/DEBUG] [END] Reloading Section: "reloadable-plugin/MenuInfoRegistryImpl/" done in 22.88 ms
[19:01:07] [Worker-Main-6/DEBUG] [END] Reloading Section: "end-reload/"
[19:01:07] [Worker-Main-6/DEBUG] [END] Reloading Section: "end-reload/MenuInfoRegistryImpl/"
[19:01:07] [Worker-Main-6/DEBUG] [END] Reloading Section: "end-reload/MenuInfoRegistryImpl/" done in 6.793 μs
[19:01:07] [Worker-Main-6/DEBUG] [END] Reloading Section: "end-reload/" done in 143.7 μs
[19:01:07] [Worker-Main-6/INFO] Reloaded Plugin Manager [REIServerPlugin] with 5 menu infos in 27ms.
[19:01:07] [Worker-Main-6/DEBUG] [END] Reloading Section: "post-register/"
[19:01:07] [Worker-Main-6/DEBUG] [END] Reloading Section: "post-register/DefaultPlugin [roughlyenoughitems]/"
[19:01:07] [Worker-Main-6/DEBUG] [END] Reloading Section: "post-register/DefaultPlugin [roughlyenoughitems]/" done in 21.09 μs
[19:01:07] [Worker-Main-6/DEBUG] [END] Reloading Section: "post-register/JEIExtraPlugin [roughlyenoughitems]/"
[19:01:07] [Worker-Main-6/DEBUG] [END] Reloading Section: "post-register/JEIExtraPlugin [roughlyenoughitems]/" done in 10.49 μs
[19:01:07] [Worker-Main-6/DEBUG] [END] Reloading Section: "post-register/DefaultRuntimePlugin [roughlyenoughitems]/"
[19:01:07] [Worker-Main-6/DEBUG] [END] Reloading Section: "post-register/DefaultRuntimePlugin [roughlyenoughitems]/" done in 10.13 μs
[19:01:07] [Worker-Main-6/DEBUG] [END] Reloading Section: "post-register/" done in 1.549 ms
[19:01:07] [Worker-Main-6/DEBUG] [END] Reloading Section: "post-register/"
[19:01:07] [Worker-Main-6/DEBUG] [END] Reloading Section: "post-register/DefaultPlugin [roughlyenoughitems]/"
[19:01:07] [Worker-Main-6/DEBUG] [END] Reloading Section: "post-register/DefaultPlugin [roughlyenoughitems]/" done in 9.017 μs
[19:01:07] [Worker-Main-6/DEBUG] [END] Reloading Section: "post-register/JEIExtraPlugin [roughlyenoughitems]/"
[19:01:07] [Worker-Main-6/DEBUG] [END] Reloading Section: "post-register/JEIExtraPlugin [roughlyenoughitems]/" done in 9.047 μs
[19:01:07] [Worker-Main-6/DEBUG] [END] Reloading Section: "post-register/DefaultRuntimePlugin [roughlyenoughitems]/"
[19:01:07] [Worker-Main-6/DEBUG] [END] Reloading Section: "post-register/DefaultRuntimePlugin [roughlyenoughitems]/" done in 8.365 μs
[19:01:07] [Worker-Main-6/DEBUG] [END] Reloading Section: "post-register/" done in 503.7 μs
